<?xml version="1.0" encoding="UTF-8"?>
<!-- Generated by org.testng.reporters.JUnitReportReporter -->
<testsuite hostname="DESKTOP-HSEI9NM" name="TestNGDemo.OrderOfExecution" tests="2" failures="0" timestamp="23 Jul 2019 18:01:51 GMT" time="0.000" errors="0">
  <testcase name="Testm2" time="0.000" classname="TestNGDemo.OrderOfExecution"/>
  <testcase name="Testm1" time="0.000" classname="TestNGDemo.OrderOfExecution"/>
</testsuite> <!-- TestNGDemo.OrderOfExecution -->
