<?xml version="1.0" encoding="UTF-8"?>
<!-- Generated by org.testng.reporters.JUnitReportReporter -->
<testsuite hostname="DESKTOP-HSEI9NM" name="TestNGDemo.ParametersTestNG" tests="8" failures="0" timestamp="3 Jan 2020 05:04:16 GMT" time="0.016" errors="0">
  <testcase name="A" time="0.016" classname="TestNGDemo.ParametersTestNG"/>
  <testcase name="m5" time="0.000" classname="TestNGDemo.ParametersTestNG"/>
  <testcase name="m4" time="0.000" classname="TestNGDemo.ParametersTestNG"/>
  <testcase name="m2" time="0.000" classname="TestNGDemo.ParametersTestNG"/>
  <testcase name="b" time="0.000" classname="TestNGDemo.ParametersTestNG"/>
  <testcase name="c" time="0.000" classname="TestNGDemo.ParametersTestNG"/>
  <testcase name="m1" time="0.000" classname="TestNGDemo.ParametersTestNG"/>
  <testcase name="m3" time="0.000" classname="TestNGDemo.ParametersTestNG"/>
</testsuite> <!-- TestNGDemo.ParametersTestNG -->
