<?xml version="1.0" encoding="UTF-8"?>
<!-- Generated by org.testng.reporters.JUnitReportReporter -->
<testsuite hostname="home-sk" name="TestNGDemo.TestngParametersPractise" tests="8" failures="0" timestamp="26 Apr 2021 04:35:22 GMT" time="0.009" errors="0">
  <testcase name="m5" time="0.000" classname="TestNGDemo.TestngParametersPractise"/>
  <testcase name="m1" time="0.000" classname="TestNGDemo.TestngParametersPractise"/>
  <testcase name="m4" time="0.001" classname="TestNGDemo.TestngParametersPractise"/>
  <testcase name="z" time="0.000" classname="TestNGDemo.TestngParametersPractise"/>
  <testcase name="m3" time="0.000" classname="TestNGDemo.TestngParametersPractise"/>
  <testcase name="m6" time="0.000" classname="TestNGDemo.TestngParametersPractise"/>
  <testcase name="d" time="0.008" classname="TestNGDemo.TestngParametersPractise"/>
  <testcase name="m2" time="0.000" classname="TestNGDemo.TestngParametersPractise"/>
</testsuite> <!-- TestNGDemo.TestngParametersPractise -->
