<?xml version="1.0" encoding="UTF-8"?>
<!-- Generated by org.testng.reporters.JUnitReportReporter -->
<testsuite hostname="home-sk" name="TestNGDemo.OrderOfExecutionOfTestNGAnnotations" tests="2" failures="0" timestamp="26 Apr 2021 04:17:22 GMT" time="0.005" errors="0">
  <testcase name="Testm2" time="0.001" classname="TestNGDemo.OrderOfExecutionOfTestNGAnnotations"/>
  <testcase name="Testm1" time="0.004" classname="TestNGDemo.OrderOfExecutionOfTestNGAnnotations"/>
</testsuite> <!-- TestNGDemo.OrderOfExecutionOfTestNGAnnotations -->
