<?xml version="1.0" encoding="UTF-8"?>
<!-- Generated by org.testng.reporters.JUnitReportReporter -->
<testsuite hostname="DESKTOP-HSEI9NM" name="TestNGDemo.DataProviderDemo" tests="6" failures="0" timestamp="15 Aug 2019 11:02:41 GMT" time="0.016" errors="0">
  <testcase name="chk" time="0.000" classname="TestNGDemo.DataProviderDemo"/>
  <testcase name="chk" time="0.000" classname="TestNGDemo.DataProviderDemo"/>
  <testcase name="m1" time="0.000" classname="TestNGDemo.DataProviderDemo"/>
  <testcase name="m1" time="0.000" classname="TestNGDemo.DataProviderDemo"/>
  <testcase name="chk" time="0.016" classname="TestNGDemo.DataProviderDemo"/>
  <testcase name="m1" time="0.000" classname="TestNGDemo.DataProviderDemo"/>
</testsuite> <!-- TestNGDemo.DataProviderDemo -->
