<?xml version="1.0" encoding="UTF-8"?>
<!-- Generated by org.testng.reporters.JUnitReportReporter -->
<testsuite hostname="DESKTOP-HSEI9NM" name="TestNGDemo.GroupsInTestNG" tests="3" failures="0" timestamp="16 Oct 2019 17:11:12 GMT" time="0.031" errors="0">
  <testcase name="m5" time="0.000" classname="TestNGDemo.GroupsInTestNG"/>
  <testcase name="m2" time="0.031" classname="TestNGDemo.GroupsInTestNG"/>
  <testcase name="m3" time="0.000" classname="TestNGDemo.GroupsInTestNG"/>
</testsuite> <!-- TestNGDemo.GroupsInTestNG -->
