<?xml version="1.0" encoding="UTF-8"?>
<!-- Generated by org.testng.reporters.JUnitReportReporter -->
<testsuite hostname="DESKTOP-HSEI9NM" name="TestNGDemo.TestNGAttributePassing" tests="6" failures="0" timestamp="4 Dec 2019 12:06:23 GMT" time="0.031" errors="0">
  <testcase name="m1" time="0.000" classname="TestNGDemo.TestNGAttributePassing"/>
  <testcase name="c" time="0.000" classname="TestNGDemo.TestNGAttributePassing"/>
  <testcase name="b" time="0.000" classname="TestNGDemo.TestNGAttributePassing"/>
  <testcase name="m3" time="0.015" classname="TestNGDemo.TestNGAttributePassing"/>
  <testcase name="m2" time="0.000" classname="TestNGDemo.TestNGAttributePassing"/>
  <testcase name="a" time="0.016" classname="TestNGDemo.TestNGAttributePassing"/>
</testsuite> <!-- TestNGDemo.TestNGAttributePassing -->
